<?xml version="1.0" encoding="UTF-8"?>
<!-- Generated by org.testng.reporters.JUnitXMLReporter -->
<testsuite ignored="0" hostname="DESKTOP-VE1VT8L" failures="0" tests="3" name="Default test" time="80.323" errors="0" timestamp="2023-01-23T10:15:56 EST">
  <testcase classname="tests.RegistrationTest" name="registration" time="19.591"/>
  <testcase classname="tests.RegistrationTest" name="registration" time="19.793"/>
  <testcase classname="tests.RegistrationTest" name="registration" time="19.734"/>
</testsuite> <!-- Default test -->
