<?xml version="1.0" encoding="UTF-8"?>
<!-- Generated by org.testng.reporters.JUnitXMLReporter -->
<testsuite ignored="0" hostname="DESKTOP-VE1VT8L" failures="0" tests="4" name="Test" time="141.083" errors="0" timestamp="2023-01-23T00:52:43 EST">
  <testcase classname="tests.RegistrationTest" name="registration" time="16.913"/>
  <testcase classname="tests.RegistrationTest" name="registration" time="17.92"/>
  <testcase classname="tests.RegistrationTest" name="registration" time="17.925"/>
  <testcase classname="tests.SignInTest" name="signin" time="18.477"/>
</testsuite> <!-- Test -->
