<?xml version="1.0" encoding="UTF-8"?>
<testng-results ignored="0" total="3" passed="3" failed="0" skipped="0">
  <reporter-output>
  </reporter-output>
  <suite started-at="2023-01-23T10:14:36 EST" name="Default suite" finished-at="2023-01-23T10:15:56 EST" duration-ms="80323">
    <groups>
    </groups>
    <test started-at="2023-01-23T10:14:36 EST" name="Default test" finished-at="2023-01-23T10:15:56 EST" duration-ms="80323">
      <class name="tests.RegistrationTest">
        <test-method is-config="true" signature="initiateDriver()[pri:0, instance:tests.RegistrationTest@1aafa419]" started-at="2023-01-23T10:14:36 EST" name="initiateDriver" finished-at="2023-01-23T10:14:39 EST" duration-ms="2605" status="PASS">
          <reporter-output>
          </reporter-output>
        </test-method> <!-- initiateDriver -->
        <test-method signature="registration(java.lang.String,java.lang.String,java.lang.String)[pri:0, instance:tests.RegistrationTest@1aafa419]" started-at="2023-01-23T10:14:39 EST" name="registration" data-provider="registrationOptions" finished-at="2023-01-23T10:14:58 EST" duration-ms="19591" status="PASS">
          <params>
            <param index="0">
              <value>
                <![CDATA[Ninja1]]>
              </value>
            </param>
            <param index="1">
              <value>
                <![CDATA[Rose@6543]]>
              </value>
            </param>
            <param index="2">
              <value>
                <![CDATA[ ]]>
              </value>
            </param>
          </params>
          <reporter-output>
          </reporter-output>
        </test-method> <!-- registration -->
        <test-method is-config="true" signature="closeBrower()[pri:0, instance:tests.RegistrationTest@1aafa419]" started-at="2023-01-23T10:14:58 EST" name="closeBrower" finished-at="2023-01-23T10:14:58 EST" duration-ms="181" status="PASS">
          <reporter-output>
          </reporter-output>
        </test-method> <!-- closeBrower -->
        <test-method is-config="true" signature="initiateDriver()[pri:0, instance:tests.RegistrationTest@1aafa419]" started-at="2023-01-23T10:14:58 EST" name="initiateDriver" finished-at="2023-01-23T10:14:59 EST" duration-ms="1015" status="PASS">
          <reporter-output>
          </reporter-output>
        </test-method> <!-- initiateDriver -->
        <test-method signature="registration(java.lang.String,java.lang.String,java.lang.String)[pri:0, instance:tests.RegistrationTest@1aafa419]" started-at="2023-01-23T10:14:59 EST" name="registration" data-provider="registrationOptions" finished-at="2023-01-23T10:15:19 EST" duration-ms="19793" status="PASS">
          <params>
            <param index="0">
              <value>
                <![CDATA[Ninja2]]>
              </value>
            </param>
            <param index="1">
              <value>
                <![CDATA[Rose@6543]]>
              </value>
            </param>
            <param index="2">
              <value>
                <![CDATA[Rose@65434]]>
              </value>
            </param>
          </params>
          <reporter-output>
          </reporter-output>
        </test-method> <!-- registration -->
        <test-method is-config="true" signature="closeBrower()[pri:0, instance:tests.RegistrationTest@1aafa419]" started-at="2023-01-23T10:15:19 EST" name="closeBrower" finished-at="2023-01-23T10:15:35 EST" duration-ms="16282" status="PASS">
          <reporter-output>
          </reporter-output>
        </test-method> <!-- closeBrower -->
        <test-method is-config="true" signature="initiateDriver()[pri:0, instance:tests.RegistrationTest@1aafa419]" started-at="2023-01-23T10:15:35 EST" name="initiateDriver" finished-at="2023-01-23T10:15:36 EST" duration-ms="958" status="PASS">
          <reporter-output>
          </reporter-output>
        </test-method> <!-- initiateDriver -->
        <test-method signature="registration(java.lang.String,java.lang.String,java.lang.String)[pri:0, instance:tests.RegistrationTest@1aafa419]" started-at="2023-01-23T10:15:36 EST" name="registration" data-provider="registrationOptions" finished-at="2023-01-23T10:15:56 EST" duration-ms="19734" status="PASS">
          <params>
            <param index="0">
              <value>
                <![CDATA[Ninja4]]>
              </value>
            </param>
            <param index="1">
              <value>
                <![CDATA[Rose@6543]]>
              </value>
            </param>
            <param index="2">
              <value>
                <![CDATA[Rose@6543]]>
              </value>
            </param>
          </params>
          <reporter-output>
          </reporter-output>
        </test-method> <!-- registration -->
        <test-method is-config="true" signature="closeBrower()[pri:0, instance:tests.RegistrationTest@1aafa419]" started-at="2023-01-23T10:15:56 EST" name="closeBrower" finished-at="2023-01-23T10:15:56 EST" duration-ms="97" status="PASS">
          <reporter-output>
          </reporter-output>
        </test-method> <!-- closeBrower -->
      </class> <!-- tests.RegistrationTest -->
    </test> <!-- Default test -->
  </suite> <!-- Default suite -->
</testng-results>
